<?xml version="1.0" encoding="UTF-8"?>
<testsuite xmlns:xsi="http://www.w3.org/2001/XMLSchema-instance" xsi:noNamespaceSchemaLocation="https://maven.apache.org/surefire/maven-surefire-plugin/xsd/surefire-test-report-3.0.xsd" version="3.0" name="org.ngauth.sample.tests.OAuthFlowsTests" time="4.349" tests="5" errors="0" skipped="0" failures="0">
  <properties>
[...]
</properties>
  <testcase name="containerHealthCheck" classname="org.ngauth.sample.tests.OAuthFlowsTests" time="0.37">
    <system-err><![CDATA[SLF4J(W): No SLF4J providers were found.
SLF4J(W): Defaulting to no-operation (NOP) logger implementation
SLF4J(W): See https://www.slf4j.org/codes.html#noProviders for further details.
]]></system-err>
  </testcase>
  <testcase name="clientCredentialsFlow" classname="org.ngauth.sample.tests.OAuthFlowsTests" time="0.086">
    <system-out><![CDATA[Token Endpoint: http://172.18.0.1:32808/oauth2/token
Token Response Status: 200
Token Response Body: {"access_token":"eyJhbGciOiJSUzI1NiIsInR5cCI6IkpXVCIsImtpZCI6ImRiY2UzMDNhYjllYzAwN2EifQ.eyJpc3MiOiJodHRwOi8vbG9jYWxob3N0OjMwMDAiLCJzdWIiOiIyODViZTQ2MTNlM2Y2NjRhODk3YzQ0ZTBlNzZhN2VjZSIsImNsaWVudF9pZCI6IjI4NWJlNDYxM2UzZjY2NGE4OTdjNDRlMGU3NmE3ZWNlIiwic2NvcGUiOiJyZWFkIHdyaXRlIG9wZW5pZCIsInRva2VuX3R5cGUiOiJhY2Nlc3MiLCJpYXQiOjE3NzAwMDY3NjYsImV4cCI6MTc3MDAxMDM2Nn0.FUrCR5bl7H1797J2M66y7mPrkUorYJERP_bkk5y_MrtDl6mrPI0a0KzaDbtYVEhgqKc3mUkXjWwYOvEuyR6jRtS2iUH-QynzbXYOj9UgCsTcBsNN1t36MlNO1ObJEjzuXGAjqESt9YI2OdZ5wYZrCNKqz6ug9pPRGM_qGo9YLaZ00yF97MyG0NTp-vDsIWJ9YQD0Rvh8ZGe-hAkONWF6cQWuzLLtv21eFNuukpdlnSNfm-DMMWuqZVhFBN7ywZNp-mulRqWvOJlhHLolHNFsmyihkeQmbihOraGs9tF2kkoE4sdZnu7xNFTpL3lksbAFJHDiQ6itDRj2mt3WjzAYuw","token_type":"Bearer","expires_in":3600,"scope":"read write openid"}
]]></system-out>
  </testcase>
  <testcase name="jwksTokenVerification" classname="org.ngauth.sample.tests.OAuthFlowsTests" time="0.188">
    <system-out><![CDATA[JWKS URI: http://172.18.0.1:32808/.well-known/jwks.json
JWKS Response: {"keys":[{"kty":"RSA","n":"1EfQA0NHpyunXEY4Tpmdz56InX7jLL07qC6IM0nuCLba5QB-m_tl25b8xm-sE9J8Us2CczqWkZhIyVzCXHVBYkvStE7ddR7mM4oSG_jJVkep4Eb5xqWHSG2N0ciXueKgOehPVg0eR8oyRh24jPcBUG3zhazTp2SiUH24LgWk4WLtpQqVRoqBwfujHs-bfvxBcMEm9I5uqcuZYvdpiXRSObIUYaqfxJM42LRdTC3IxvWPfn9x06Q8a_so_M0u9vAoaYxnctwW8dyXXWQZIkHRamCXa8kGtcwQxjxy3s7x9XONxqCf4vIuyMKnJCMuvCohwUZ9fOQ82RuhfHclvlNAdQ","e":"AQAB","use":"sig","alg":"RS256","kid":"dbce303ab9ec007a"}]}
JWT Kid: dbce303ab9ec007a
]]></system-out>
  </testcase>
  <testcase name="clientCredentialsWithScopes" classname="org.ngauth.sample.tests.OAuthFlowsTests" time="0.034"/>
  <testcase name="errorHandlingUnsupportedGrant" classname="org.ngauth.sample.tests.OAuthFlowsTests" time="0.033"/>
</testsuite>