<?xml version="1.0" encoding="UTF-8"?>
<testsuite xmlns:xsi="http://www.w3.org/2001/XMLSchema-instance" xsi:noNamespaceSchemaLocation="https://maven.apache.org/surefire/maven-surefire-plugin/xsd/surefire-test-report-3.0.xsd" version="3.0" name="com.ngauth.sample.tests.OAuthFlowsTests" time="4.246" tests="5" errors="1" skipped="0" failures="1">
  <properties>
[...]
</properties>
  <testcase name="containerHealthCheck" classname="com.ngauth.sample.tests.OAuthFlowsTests" time="0.324">
    <system-out><![CDATA[🎭 Using preset: AWS Cognito
Generating new RSA key pair...
Generating new RSA key pair...
Generated and saved new private key to /data/private-key.pem
Generated and saved new private key to /data/private-key.pem
Cleaned up expired authorization codes
🚀 ngauth server listening on port 3000
📁 Data directory: /data
🌐 Issuer: http://localhost:3000
🎭 Preset: AWS Cognito
Cleaned up expired authorization codes
]]></system-out>
    <system-err><![CDATA[SLF4J(W): No SLF4J providers were found.
SLF4J(W): Defaulting to no-operation (NOP) logger implementation
SLF4J(W): See https://www.slf4j.org/codes.html#noProviders for further details.
]]></system-err>
  </testcase>
  <testcase name="clientCredentialsFlow" classname="com.ngauth.sample.tests.OAuthFlowsTests" time="0.07"/>
  <testcase name="authorizationCodeFlow" classname="com.ngauth.sample.tests.OAuthFlowsTests" time="0.087">
    <failure message="expected: &lt;302&gt; but was: &lt;500&gt;" type="org.opentest4j.AssertionFailedError"><![CDATA[org.opentest4j.AssertionFailedError: expected: <302> but was: <500>
	at org.junit.jupiter.api.AssertionFailureBuilder.build(AssertionFailureBuilder.java:151)
	at org.junit.jupiter.api.AssertionFailureBuilder.buildAndThrow(AssertionFailureBuilder.java:132)
	at org.junit.jupiter.api.AssertEquals.failNotEqual(AssertEquals.java:197)
	at org.junit.jupiter.api.AssertEquals.assertEquals(AssertEquals.java:150)
	at org.junit.jupiter.api.AssertEquals.assertEquals(AssertEquals.java:145)
	at org.junit.jupiter.api.Assertions.assertEquals(Assertions.java:531)
	at com.ngauth.sample.tests.OAuthFlowsTests.authorizationCodeFlow(OAuthFlowsTests.java:133)
	at java.base/java.lang.reflect.Method.invoke(Method.java:580)
	at java.base/java.util.ArrayList.forEach(ArrayList.java:1596)
	at java.base/java.util.ArrayList.forEach(ArrayList.java:1596)
]]></failure>
    <system-out><![CDATA[Error: invalid csrf token
    at createToken (/app/node_modules/csurf/index.js:90:19)
    at /app/node_modules/csurf/index.js:59:24
    at /app/src/index.js:126:26
    at Layer.handle [as handle_request] (/app/node_modules/express/lib/router/layer.js:95:5)
    at trim_prefix (/app/node_modules/express/lib/router/index.js:328:13)
    at /app/node_modules/express/lib/router/index.js:286:9
    at router.process_params (/app/node_modules/express/lib/router/index.js:346:12)
    at next (/app/node_modules/express/lib/router/index.js:280:10)
    at Immediate._onImmediate (/app/node_modules/express-session/index.js:521:7)
    at process.processImmediate (node:internal/timers:506:21) {
  status: 403
}
]]></system-out>
  </testcase>
  <testcase name="jwksTokenVerification" classname="com.ngauth.sample.tests.OAuthFlowsTests" time="0.079">
    <error message="Cannot invoke &quot;com.nimbusds.jose.jwk.RSAKey.toRSAPublicKey()&quot; because &quot;rsaKey&quot; is null" type="java.lang.NullPointerException"><![CDATA[java.lang.NullPointerException: Cannot invoke "com.nimbusds.jose.jwk.RSAKey.toRSAPublicKey()" because "rsaKey" is null
	at com.ngauth.sample.tests.OAuthFlowsTests.jwksTokenVerification(OAuthFlowsTests.java:176)
	at java.base/java.lang.reflect.Method.invoke(Method.java:580)
	at java.base/java.util.ArrayList.forEach(ArrayList.java:1596)
	at java.base/java.util.ArrayList.forEach(ArrayList.java:1596)
]]></error>
  </testcase>
  <testcase name="errorHandlingUnsupportedGrant" classname="com.ngauth.sample.tests.OAuthFlowsTests" time="0.025"/>
</testsuite>